TN:
SF:src/app.ts
FNF:0
FNH:0
DA:1,1
DA:2,1
DA:3,1
DA:4,1
DA:5,1
DA:6,1
DA:8,1
DA:9,1
DA:10,1
DA:12,1
DA:13,1
DA:16,1
DA:17,1
DA:19,1
LF:14
LH:14
BRDA:12,0,0,1
BRF:1
BRH:1
end_of_record
TN:
SF:src/database.ts
FNF:0
FNH:0
DA:1,2
DA:3,2
DA:4,2
LF:3
LH:3
BRF:0
BRH:0
end_of_record
TN:
SF:src/controllers/recommendationController.ts
FN:6,insert
FN:17,upvote
FN:25,downvote
FN:33,random
FN:39,get
FN:44,getTop
FN:51,getById
FNF:7
FNH:3
FNDA:4,insert
FNDA:3,upvote
FNDA:9,downvote
FNDA:0,random
FNDA:0,get
FNDA:0,getTop
FNDA:0,getById
DA:2,1
DA:3,1
DA:4,1
DA:7,4
DA:8,4
DA:9,2
DA:12,2
DA:14,1
DA:18,3
DA:20,3
DA:22,1
DA:26,9
DA:28,9
DA:30,7
DA:34,0
DA:36,0
DA:40,0
DA:41,0
DA:45,0
DA:47,0
DA:48,0
DA:52,0
DA:54,0
DA:55,0
DA:58,1
LF:25
LH:15
BRDA:8,0,0,2
BRF:1
BRH:1
end_of_record
TN:
SF:src/controllers/testController.ts
FN:4,resetController
FNF:1
FNH:0
FNDA:0,resetController
DA:2,1
DA:4,1
DA:5,0
DA:6,0
LF:4
LH:2
BRF:0
BRH:0
end_of_record
TN:
SF:src/middlewares/errorHandlerMiddleware.ts
FN:8,errorHandlerMiddleware
FNF:1
FNH:1
FNDA:7,errorHandlerMiddleware
DA:2,1
DA:8,1
DA:14,7
DA:16,7
DA:17,5
DA:20,2
LF:6
LH:6
BRDA:16,0,0,5
BRF:1
BRH:1
end_of_record
TN:
SF:src/repositories/recommendationRepository.ts
FN:5,create
FN:16,findAll
FN:26,getAmountByScore
FN:33,getFindAllFilter
FN:45,find
FN:51,findByName
FN:57,updateScore
FN:66,remove
FNF:8
FNH:5
FNDA:1,create
FNDA:0,findAll
FNDA:0,getAmountByScore
FNDA:0,getFindAllFilter
FNDA:12,find
FNDA:2,findByName
FNDA:8,updateScore
FNDA:1,remove
DA:2,2
DA:6,1
DA:17,0
DA:19,0
DA:27,0
DA:36,0
DA:38,0
DA:40,0
DA:46,12
DA:52,2
DA:58,8
DA:67,1
DA:72,2
LF:13
LH:7
BRDA:36,0,0,0
BRF:1
BRH:0
end_of_record
TN:
SF:src/repositories/testRepository.ts
FN:3,reset
FNF:1
FNH:0
FNDA:0,reset
DA:1,1
DA:3,1
DA:4,0
LF:3
LH:2
BRF:0
BRH:0
end_of_record
TN:
SF:src/routers/recommendationRouter.ts
FNF:0
FNH:0
DA:1,1
DA:2,1
DA:4,1
DA:6,1
DA:7,1
DA:8,1
DA:9,1
DA:10,1
DA:11,1
DA:12,1
DA:14,1
LF:11
LH:11
BRF:0
BRH:0
end_of_record
TN:
SF:src/routers/testRouter.ts
FNF:0
FNH:0
DA:1,1
DA:2,1
DA:4,1
DA:6,1
DA:8,1
LF:5
LH:5
BRF:0
BRH:0
end_of_record
TN:
SF:src/schemas/recommendationsSchemas.ts
FNF:0
FNH:0
DA:1,1
DA:4,1
DA:6,1
LF:3
LH:3
BRF:0
BRH:0
end_of_record
TN:
SF:src/services/recommendationsService.ts
FN:7,insert
FN:17,upvote
FN:23,downvote
FN:36,getByIdOrFail
FN:43,get
FN:47,getTop
FN:51,getRandom
FN:64,getByScore
FN:77,getScoreFilter
FNF:9
FNH:9
FNDA:4,insert
FNDA:4,upvote
FNDA:11,downvote
FNDA:17,getByIdOrFail
FNDA:1,get
FNDA:1,getTop
FNDA:1,getRandom
FNDA:1,getByScore
FNDA:1,getScoreFilter
DA:2,2
DA:3,2
DA:8,4
DA:11,4
DA:12,2
DA:14,2
DA:18,4
DA:20,2
DA:24,11
DA:26,9
DA:31,9
DA:32,2
DA:37,17
DA:38,15
DA:40,12
DA:44,1
DA:48,1
DA:52,1
DA:53,1
DA:55,1
DA:56,1
DA:57,0
DA:60,1
DA:61,1
DA:65,1
DA:70,1
DA:71,1
DA:74,0
DA:78,1
DA:79,0
DA:82,1
DA:85,2
LF:32
LH:29
BRDA:11,0,0,2
BRDA:31,1,0,2
BRDA:38,2,0,3
BRDA:56,3,0,0
BRDA:70,4,0,1
BRDA:78,5,0,0
BRF:6
BRH:4
end_of_record
TN:
SF:src/services/testService.ts
FN:3,resetDatabase
FNF:1
FNH:0
FNDA:0,resetDatabase
DA:1,1
DA:3,1
DA:4,0
LF:3
LH:2
BRF:0
BRH:0
end_of_record
TN:
SF:src/tests/factory/recommendationFactory.ts
FN:3,recommendationsFactory
FN:15,recommendationFactoryDB
FNF:2
FNH:2
FNDA:9,recommendationsFactory
FNDA:5,recommendationFactoryDB
DA:1,2
DA:3,2
DA:5,9
DA:7,9
DA:12,9
DA:15,2
DA:17,5
DA:19,5
DA:26,5
LF:9
LH:9
BRF:0
BRH:0
end_of_record
TN:
SF:src/utils/errorUtils.ts
FN:7,isAppError
FN:11,errorTypeToStatusCode
FN:19,conflictError
FN:23,notFoundError
FN:27,unauthorizedError
FN:31,wrongSchemaError
FNF:6
FNH:5
FNDA:7,isAppError
FNDA:5,errorTypeToStatusCode
FNDA:3,conflictError
FNDA:4,notFoundError
FNDA:0,unauthorizedError
FNDA:2,wrongSchemaError
DA:7,2
DA:8,7
DA:11,2
DA:12,5
DA:13,4
DA:14,2
DA:15,2
DA:16,0
DA:19,2
DA:20,3
DA:23,2
DA:24,4
DA:27,2
DA:28,0
DA:31,2
DA:32,2
LF:16
LH:14
BRDA:12,0,0,1
BRDA:13,1,0,2
BRDA:14,2,0,0
BRDA:15,3,0,2
BRDA:20,4,0,3
BRDA:20,4,1,0
BRDA:20,5,0,3
BRDA:20,5,1,3
BRDA:24,6,0,0
BRDA:24,6,1,4
BRDA:24,7,0,4
BRDA:24,7,1,4
BRDA:28,8,0,0
BRDA:28,8,1,0
BRDA:28,9,0,0
BRDA:28,9,1,0
BRDA:32,10,0,0
BRDA:32,10,1,2
BRDA:32,11,0,2
BRDA:32,11,1,2
BRF:20
BRH:12
end_of_record
