TN:
SF:src/app.ts
FNF:0
FNH:0
DA:1,1
DA:2,1
DA:3,1
DA:4,1
DA:5,1
DA:6,1
DA:8,1
DA:9,1
DA:10,1
DA:12,1
DA:13,1
DA:16,1
DA:17,1
DA:19,1
LF:14
LH:14
BRDA:12,0,0,1
BRF:1
BRH:1
end_of_record
TN:
SF:src/database.ts
FNF:0
FNH:0
DA:1,2
DA:3,2
DA:4,2
LF:3
LH:3
BRF:0
BRH:0
end_of_record
TN:
SF:src/controllers/recommendationController.ts
FN:6,insert
FN:17,upvote
FN:25,downvote
FN:33,random
FN:39,get
FN:44,getTop
FN:51,getById
FNF:7
FNH:7
FNDA:4,insert
FNDA:13,upvote
FNDA:9,downvote
FNDA:2,random
FNDA:3,get
FNDA:2,getTop
FNDA:2,getById
DA:2,1
DA:3,1
DA:4,1
DA:7,4
DA:8,4
DA:9,2
DA:12,2
DA:14,1
DA:18,13
DA:20,13
DA:22,11
DA:26,9
DA:28,9
DA:30,7
DA:34,2
DA:36,1
DA:40,3
DA:41,3
DA:45,2
DA:47,2
DA:48,2
DA:52,2
DA:54,2
DA:55,1
DA:58,1
LF:25
LH:25
BRDA:8,0,0,2
BRF:1
BRH:1
end_of_record
TN:
SF:src/controllers/testController.ts
FN:4,resetController
FNF:1
FNH:0
FNDA:0,resetController
DA:2,1
DA:4,1
DA:5,0
DA:6,0
LF:4
LH:2
BRF:0
BRH:0
end_of_record
TN:
SF:src/middlewares/errorHandlerMiddleware.ts
FN:8,errorHandlerMiddleware
FNF:1
FNH:1
FNDA:9,errorHandlerMiddleware
DA:2,1
DA:8,1
DA:14,9
DA:16,9
DA:17,7
DA:20,2
LF:6
LH:6
BRDA:16,0,0,7
BRF:1
BRH:1
end_of_record
TN:
SF:src/repositories/recommendationRepository.ts
FN:5,create
FN:16,findAll
FN:26,getAmountByScore
FN:33,getFindAllFilter
FN:45,find
FN:51,findByName
FN:57,updateScore
FN:66,remove
FNF:8
FNH:8
FNDA:1,create
FNDA:7,findAll
FNDA:2,getAmountByScore
FNDA:7,getFindAllFilter
FNDA:24,find
FNDA:2,findByName
FNDA:18,updateScore
FNDA:1,remove
DA:2,2
DA:6,1
DA:17,7
DA:19,7
DA:27,2
DA:36,7
DA:38,2
DA:40,2
DA:46,24
DA:52,2
DA:58,18
DA:67,1
DA:72,2
LF:13
LH:13
BRDA:36,0,0,5
BRF:1
BRH:1
end_of_record
TN:
SF:src/repositories/testRepository.ts
FN:3,reset
FNF:1
FNH:0
FNDA:0,reset
DA:1,1
DA:3,1
DA:4,0
LF:3
LH:2
BRF:0
BRH:0
end_of_record
TN:
SF:src/routers/recommendationRouter.ts
FNF:0
FNH:0
DA:1,1
DA:2,1
DA:4,1
DA:6,1
DA:7,1
DA:8,1
DA:9,1
DA:10,1
DA:11,1
DA:12,1
DA:14,1
LF:11
LH:11
BRF:0
BRH:0
end_of_record
TN:
SF:src/routers/testRouter.ts
FNF:0
FNH:0
DA:1,1
DA:2,1
DA:4,1
DA:6,1
DA:8,1
LF:5
LH:5
BRF:0
BRH:0
end_of_record
TN:
SF:src/schemas/recommendationsSchemas.ts
FNF:0
FNH:0
DA:1,1
DA:4,1
DA:6,1
LF:3
LH:3
BRF:0
BRH:0
end_of_record
TN:
SF:src/services/recommendationsService.ts
FN:7,insert
FN:17,upvote
FN:23,downvote
FN:36,getByIdOrFail
FN:43,get
FN:47,getTop
FN:51,getRandom
FN:64,getByScore
FN:77,getScoreFilter
FNF:9
FNH:9
FNDA:4,insert
FNDA:14,upvote
FNDA:11,downvote
FNDA:29,getByIdOrFail
FNDA:4,get
FNDA:3,getTop
FNDA:3,getRandom
FNDA:3,getByScore
FNDA:3,getScoreFilter
DA:2,2
DA:3,2
DA:8,4
DA:11,4
DA:12,2
DA:14,2
DA:18,14
DA:20,12
DA:24,11
DA:26,9
DA:31,9
DA:32,2
DA:37,29
DA:38,27
DA:40,23
DA:44,4
DA:48,3
DA:52,3
DA:53,3
DA:55,3
DA:56,3
DA:57,1
DA:60,2
DA:61,2
DA:65,3
DA:70,3
DA:71,1
DA:74,2
DA:78,3
DA:79,3
DA:82,0
DA:85,2
LF:32
LH:31
BRDA:11,0,0,2
BRDA:31,1,0,2
BRDA:38,2,0,4
BRDA:56,3,0,1
BRDA:70,4,0,1
BRDA:78,5,0,3
BRF:6
BRH:6
end_of_record
TN:
SF:src/services/testService.ts
FN:3,resetDatabase
FNF:1
FNH:0
FNDA:0,resetDatabase
DA:1,1
DA:3,1
DA:4,0
LF:3
LH:2
BRF:0
BRH:0
end_of_record
TN:
SF:src/tests/factory/recommendationFactory.ts
FN:3,recommendationsFactory
FN:15,recommendationFactoryDB
FNF:2
FNH:2
FNDA:52,recommendationsFactory
FNDA:5,recommendationFactoryDB
DA:1,2
DA:3,2
DA:5,52
DA:7,52
DA:12,52
DA:15,2
DA:17,5
DA:19,5
DA:26,5
LF:9
LH:9
BRF:0
BRH:0
end_of_record
TN:
SF:src/utils/errorUtils.ts
FN:7,isAppError
FN:11,errorTypeToStatusCode
FN:19,conflictError
FN:23,notFoundError
FN:27,unauthorizedError
FN:31,wrongSchemaError
FNF:6
FNH:5
FNDA:9,isAppError
FNDA:7,errorTypeToStatusCode
FNDA:3,conflictError
FNDA:6,notFoundError
FNDA:0,unauthorizedError
FNDA:2,wrongSchemaError
DA:7,2
DA:8,9
DA:11,2
DA:12,7
DA:13,6
DA:14,2
DA:15,2
DA:16,0
DA:19,2
DA:20,3
DA:23,2
DA:24,6
DA:27,2
DA:28,0
DA:31,2
DA:32,2
LF:16
LH:14
BRDA:12,0,0,1
BRDA:13,1,0,4
BRDA:14,2,0,0
BRDA:15,3,0,2
BRDA:20,4,0,3
BRDA:20,4,1,0
BRDA:20,5,0,3
BRDA:20,5,1,3
BRDA:24,6,0,0
BRDA:24,6,1,6
BRDA:24,7,0,6
BRDA:24,7,1,6
BRDA:28,8,0,0
BRDA:28,8,1,0
BRDA:28,9,0,0
BRDA:28,9,1,0
BRDA:32,10,0,0
BRDA:32,10,1,2
BRDA:32,11,0,2
BRDA:32,11,1,2
BRF:20
BRH:12
end_of_record
